-0.489008   0.40393   0.377709
-0.430766   -0.361804   -0.382171
0.413209   -0.281918   -0.272856
-0.223147   0.447328   -0.307086
-0.297268   0.423227   0.484509
-0.0625182   -0.360126   0.335518
-0.276375   -0.360766   -0.188747
0.0109857   -0.426305   -0.214873
0.194881   -0.492599   -0.478196
0.43978   -0.440395   0.481016
0.201914   -0.330665   -0.214012
0.351008   -0.476471   -0.325459
-0.468051   -0.218491   0.416852
-0.32546   0.0629441   -0.395903
-0.466097   0.210646   -0.306258
-0.407737   -0.174865   -0.295194
-0.27881   -0.143787   -0.446615
-0.213651   -0.345602   -0.431023
-0.145642   -0.210912   -0.259499
-0.116369   -0.321873   -0.0838982
0.311034   -0.277361   -0.439935
0.197954   -0.160379   0.456415
0.00163952   -0.370981   -0.412724
0.451483   -0.125656   -0.436207
-0.387101   0.209523   0.49636
-0.151165   0.238982   0.422108
-0.48524   0.385081   -0.394877
-0.147224   0.013515   -0.447652
-0.0696471   -0.181689   0.480899
-0.0917079   0.429753   -0.465661
-0.201723   0.399849   -0.112726
-0.0254533   0.232277   -0.344251
0.17272   0.110267   0.398769
0.340879   0.371377   0.493675
0.161729   0.269073   -0.46956
0.310715   0.291594   -0.307889
0.396451   -0.423469   -0.102722
-0.449261   -0.27883   -0.135384
0.374355   -0.249836   -0.0396939
-0.427741   -0.472257   -6.89296e-05
-0.244479   -0.450104   0.00678121
0.163737   -0.434994   0.00654531
-0.0438575   -0.45876   0.10108
0.0182994   0.405503   -0.0484143
0.0618209   0.442672   -0.347406
0.206106   -0.12741   -0.283017
0.297119   -0.305071   0.117967
0.217624   0.468869   -0.183942
0.395748   -0.0745334   -0.22133
-0.393994   0.0325591   -0.198718
-0.359239   0.147111   0.203691
-0.494522   -0.103892   -0.0580667
-0.267259   -0.153943   -0.0935856
0.0290899   -0.081747   -0.227857
-0.0346526   -0.0896161   0.0202677
0.135327   -0.214952   -0.0867862
0.170365   0.0788365   -0.155162
0.381785   0.126926   -0.165839
0.0439774   0.139601   0.0992643
0.283541   -0.025287   -0.0033595
-0.230691   0.231834   -0.314818
-0.421998   -0.495404   -0.201677
-0.420652   0.323883   0.0554685
-0.327035   0.231465   -0.147508
-0.205909   0.0417398   -0.236049
0.0196518   0.223907   -0.105414
-0.216802   0.366927   0.090901
-0.156981   0.166762   0.0185271
0.0968782   0.0332469   -0.422798
0.476749   0.342156   -0.123381
0.209899   0.275593   -0.12539
-0.458398   0.103769   -0.0214471
0.47215   -0.38226   0.167872
-0.394076   -0.260213   0.0817344
-0.373405   -0.401517   0.354757
-0.390167   0.473008   0.194131
-0.23336   -0.411388   0.21298
-0.0112425   -0.245139   0.173434
-0.244674   -0.22719   0.308267
0.066872   0.456032   0.37547
0.16638   0.310721   0.0983439
0.398299   -0.144091   0.133474
0.138813   -0.332874   0.373772
0.29109   -0.469589   0.335944
0.304687   -0.0456695   0.31588
-0.266556   -0.0162826   0.0423379
-0.473858   0.00404637   0.394188
-0.315923   -0.0677009   0.223122
-0.197102   -0.257646   0.0816417
0.0675182   0.26392   0.324673
-0.0991787   -0.062026   0.238161
0.0717021   -0.102182   0.305855
0.150595   -0.132621   0.117947
0.444966   0.0883518   0.206911
0.216876   0.0758795   0.178663
0.359738   -0.268956   0.291923
0.445307   0.338261   0.198807
-0.338763   0.295508   0.321821
0.417819   0.191882   0.400211
-0.264697   0.0535513   0.369509
-0.138589   0.18839   0.245011
-0.0376147   0.329353   0.144055
-0.131254   0.440085   0.326881
-0.0278097   0.0546493   0.382018
0.341295   0.20104   0.0282325
0.330953   0.489237   0.083933
0.264259   0.294574   0.307769
0.36413   0.0988256   -0.420892
