0.191697   0.0433583   -0.454982
-0.288392   0.466397   -0.239882
0.40843   0.483965   0.323847
0.450767   -0.228004   0.052843
0.202284   0.202029   0.400178
0.206527   -0.313544   0.0836716
0.21353   -0.309337   -0.193734
0.316238   0.122919   -0.256618
0.393895   -0.342657   -0.125669
0.227987   0.494836   0.208302
0.491377   0.475358   -0.147468
0.0184751   -0.44926   -0.396297
-0.191321   0.283989   -0.247107
-0.331916   0.358935   0.132068
-0.477808   0.437096   0.497845
-0.0442567   0.344448   -0.137543
-0.0733394   -0.309525   0.485675
-0.245786   -0.246626   -0.0959823
0.292335   -0.15881   -0.0799619
0.48179   -0.0348988   0.145929
0.335256   0.279401   -0.415362
-0.483732   -0.0785231   -0.342367
0.0584562   -0.155422   -0.437308
0.19497   0.016697   -0.136077
-0.251094   0.463   -0.0255783
0.322895   -0.405697   0.474744
-0.0615162   -0.118381   0.0352675
-0.0363596   0.475718   0.0232201
0.150715   0.271822   -0.294475
0.315191   -0.109932   -0.268338
-0.141514   0.297017   0.0813805
0.0922851   -0.145584   -0.148991
-0.186055   0.0231665   0.403341
-0.0893441   0.144414   -0.379996
-0.190992   0.0918942   0.0173195
-0.494449   -0.341124   0.338989
0.263488   -0.148365   -0.473659
-0.312601   -0.15274   -0.282287
0.0524236   0.00370265   -0.292099
0.003969   -0.278048   -0.294901
0.474936   -0.0490981   -0.0950105
-0.366695   0.135683   0.412137
-0.301948   0.114305   -0.325993
0.442682   0.139778   -0.0296866
0.263458   0.409912   -0.194932
0.231306   0.414959   0.382642
-0.286159   -0.0208312   0.207095
0.443684   -0.499881   -0.350269
0.128307   -0.263291   0.38462
0.323228   -0.336688   0.256047
-0.0718694   0.427401   0.435462
0.445995   0.109435   -0.494288
-0.227676   -0.189006   0.44642
0.399451   0.28508   0.395131
-0.390581   -0.382123   -0.042207
-0.379384   0.113934   0.081293
-0.135094   -0.145458   -0.358124
-0.131753   0.0573202   -0.175012
0.0681555   -0.440029   0.376676
-0.390732   0.31332   -0.124868
0.392751   -0.411533   0.0834127
-0.163784   0.446065   0.201142
-0.351636   -0.0295455   -0.484119
-0.44747   -0.0800531   0.335955
-0.139362   -0.409896   -0.146132
-0.193023   -0.350428   0.070812
-0.355288   -0.420731   0.164425
-0.481191   0.108345   -0.260636
-0.31005   0.319413   0.332482
-0.360256   -0.342296   -0.254859
0.110113   -0.183147   0.209683
0.384364   -0.180388   0.354802
-0.137769   -0.167181   0.1998
-0.214747   -0.344077   0.297225
-0.384017   -0.33436   -0.449485
-0.0313295   -0.378866   0.192678
0.392965   0.353051   -0.0359226
0.0180419   -0.338355   -0.00028922
0.0118268   0.145314   -0.0548649
0.194557   -0.330511   -0.394531
-0.175707   0.166276   0.227495
0.105044   0.0104212   0.0767924
0.212562   -0.00826747   0.323082
-0.283464   -0.490235   0.409837
0.409712   -0.278103   -0.395297
-0.262986   0.397624   -0.424658
-0.0250892   0.338102   -0.377675
-0.480337   0.122946   0.250534
0.326935   0.1051   0.207824
-0.180495   -0.347542   -0.343881
-0.167172   0.247366   0.463541
-0.0206899   0.0510871   0.243314
0.0347911   0.417479   0.232126
0.441968   0.279493   0.147853
0.24328   0.201981   -0.0357716
0.295505   -0.130595   0.147862
-0.385755   -0.204961   0.184346
-0.334378   -0.0880671   0.026228
0.20358   0.444002   -0.409563
-0.35424   0.0895139   -0.116249
-0.0179665   -0.135962   0.367485
0.250056   0.277509   0.222147
-0.450724   0.313003   -0.317303
0.0123908   0.0592714   0.471726
0.217957   0.466279   -0.00753937
0.0690994   0.199605   0.124485
-0.00418903   0.246477   0.368157
0.0619883   -0.469067   -0.15348
