0.0810683   2.16733   -1.01124
-0.697914   -2.01751   0.259391
0.0735412   -1.07256   0.0340839
1.3741   -0.864562   1.99509
-0.606745   -1.50166   -0.015572
-0.712145   -0.9792   -1.40816
-1.37616   0.458268   0.190384
1.94514   1.07564   1.29728
0.443693   1.11974   0.672057
-1.53759   0.903797   -0.994303
1.04308   2.1344   0.240748
1.21822   -1.71512   1.66999
1.06723   0.467899   2.85123
-0.54569   -0.661186   2.43566
0.390583   -0.623438   0.829369
-0.899647   0.710589   -1.24797
0.143303   1.57956   -1.23115
-1.9363   -2.00462   1.11856
-0.200331   0.0841932   -0.813179
1.29675   -1.47625   0.283085
-0.0956329   0.11861   0.113569
-0.644129   -0.485534   -0.259893
-0.96356   -0.411737   0.785526
-0.578954   -1.0322   -0.278194
0.425238   -0.401298   -0.107092
1.26805   0.373572   -0.944805
0.989493   -1.81958   -0.856872
1.621   -0.361709   -1.61112
0.971299   1.28814   0.789921
-0.621151   1.66541   0.511704
-0.209113   -1.80173   1.32968
-0.561842   1.63016   0.708191
0.621886   -0.548591   -1.04362
-1.28776   -0.141998   0.86907
-1.26022   1.93563   -0.1583
-0.158712   0.433352   -0.369972
-0.661401   0.830246   -1.19162
-0.0240423   -0.740203   0.362948
-0.416971   0.24704   1.15795
-1.46077   -1.63455   0.140714
-0.886137   0.845619   1.01439
0.293933   -0.197208   -0.13163
-1.0924   -1.00498   1.96036
0.756154   -0.392852   -0.375753
-0.962091   -0.152055   -0.884256
-1.82242   0.854702   0.478508
-0.955294   -1.64528   -0.705508
-0.2406   0.395615   -0.639832
-0.822587   0.280788   0.00492029
0.95478   0.47008   -0.359021
1.50402   -0.252015   1.14573
2.15114   1.2233   -0.085321
-1.20789   -0.370339   -0.128984
0.317889   -1.7884   -0.605955
-0.949619   1.56937   -2.90712
1.01429   -0.403691   -0.388628
0.436573   0.608659   0.73046
0.492849   -0.354233   -1.3367
-1.53339   1.03176   -0.289779
-1.47761   0.900933   -0.436852
2.01068   0.660891   0.457327
-0.247059   1.21141   -0.456669
-0.17166   -0.601439   0.146125
0.344151   -1.55915   1.72354
0.672419   -1.26308   -0.252196
1.87931   -0.68799   -0.209499
0.378072   -0.491721   0.422521
-1.11717   -0.056672   0.0287731
-0.167988   -0.255131   -1.01726
-2.85032   -0.0803558   0.713633
-2.02847   -1.09136   -0.0841044
1.49574   1.6908   -0.698413
-0.662898   1.67869   -0.106251
0.759046   0.342141   -1.93689
-0.953989   -0.345955   -0.776347
-0.678742   -0.611092   0.410894
1.22004   -0.445344   1.16945
0.754089   -0.723228   0.337445
1.60956   0.797397   0.192931
0.669715   0.265005   0.106858
0.381591   0.124697   -0.593358
0.863547   2.48918   -0.179758
-0.705371   1.0657   -0.514912
0.784288   0.679553   -0.531929
0.036171   -0.431773   0.0708968
0.533788   -0.711673   -1.45239
0.409839   0.61561   0.518692
0.514693   0.0192698   -0.797941
0.584816   -0.980293   -0.866808
-0.46214   -0.564569   1.36013
-0.179826   -1.06032   -0.0486431
0.796543   1.14896   1.9143
-0.388151   1.43245   -1.63416
1.86525   0.160973   -0.332048
0.698756   1.26024   0.530519
0.679957   0.75735   -0.632459
-0.0136119   -0.363885   0.760367
-1.70149   -1.53743   -0.140057
-0.60799   -1.29744   0.499976
0.239689   0.514118   1.10925
0.429855   -0.546078   1.46509
-0.434933   0.824166   -0.990899
0.901015   -0.329494   -0.203029
-1.41514   -0.196126   -0.178956
-0.943897   -0.221523   -1.61134
-0.364545   -0.528402   -0.525112
-0.155292   0.341354   0.590999
1.24957   0.353436   -0.920453
