0.47423   0.432097   0.0603428
-0.100305   -0.435976   0.173894
0.388226   0.289852   -0.473868
-0.00951043   -0.0600732   -0.298098
0.092227   0.358647   -0.46037
0.486899   0.498444   -0.450501
0.41506   0.423708   0.380644
-0.120725   -0.246691   -0.462301
-0.263612   -0.310218   0.212235
-0.416098   0.13466   -0.374193
0.170494   -0.36245   -0.0494881
0.0182267   -0.425014   -0.441363
0.350435   -0.142886   -0.467303
0.350396   -0.169165   -0.0352014
-0.24358   -0.0868954   0.0350147
-0.247956   0.454389   0.218602
-0.41656   -0.394557   -0.305628
0.185501   -0.192151   -0.173561
0.129533   0.481412   -0.287749
-0.00931959   -0.256137   -0.269744
0.0579333   -0.222587   0.434731
0.326839   0.13278   -0.0984022
0.0832173   0.200181   0.367515
0.179988   0.126458   0.217128
-0.109923   0.424276   -0.489293
-0.250721   0.242474   0.174954
0.140813   0.00622046   -0.0799857
0.19353   -0.350277   0.435018
-0.343951   0.0973396   0.297685
-0.0648624   0.395951   0.0828242
-0.320296   -0.0757087   -0.159914
-0.327535   0.204642   -0.207121
-0.295084   -0.246076   -0.337231
-0.254838   0.258459   0.384139
-0.460901   0.228011   0.424019
-0.391726   -0.337776   0.461404
-0.216391   -0.42006   0.384624
-0.0208514   0.29013   -0.0799128
0.0617676   -0.0642575   0.111149
-0.419115   -0.497984   -0.101203
-0.25564   0.437803   -0.238211
-0.108921   -0.222369   0.0412206
-0.263566   -0.172407   0.377377
-0.421938   0.357891   -0.347479
0.171789   0.21216   -0.213854
0.249002   -0.272892   0.131316
-0.0945104   -0.0551548   0.438166
0.492789   0.0460948   -0.169489
-0.0702396   -0.013082   -0.0833139
-0.386095   0.127253   0.0924635
-0.245389   -0.438116   -0.419708
-0.0383463   0.101776   -0.428885
-0.0158876   0.19479   0.165836
-0.0582395   0.33325   -0.293888
0.10334   -0.469613   0.180283
-0.0104435   -0.465225   0.364663
0.391522   -0.334629   0.427986
0.385593   -0.146204   0.324143
-0.215022   0.232569   -0.415893
0.452996   -0.301034   0.191799
0.178457   0.00487184   -0.29981
-0.474269   -0.048604   0.0112395
-0.243151   -0.366541   -0.176515
0.373782   -0.101574   -0.258711
-0.0816657   -0.459582   -0.264497
-0.340442   0.372614   0.0566072
-0.356713   0.422424   0.437136
0.157852   0.411314   -0.0394176
-0.00521169   0.125891   -0.227486
0.387985   0.0491594   -0.436122
0.462113   0.100353   0.25311
0.149844   0.188689   0.00735563
-0.478523   -0.169254   -0.148495
0.292469   0.0183074   0.382813
-0.370711   -0.10581   0.185925
0.203759   0.174404   -0.47878
0.402204   -0.347372   -0.369137
-0.195702   0.0696329   -0.288779
-0.15621   -0.200527   -0.154963
0.13744   0.327279   0.229515
0.322308   -0.327604   -0.181422
-0.016922   -0.450468   -0.0808059
0.198339   -0.311885   -0.35112
0.363173   0.170874   -0.293075
-0.130729   0.135328   0.322566
0.0575153   -0.257791   0.168282
-0.45285   -0.135117   -0.374272
-0.428282   -0.0375013   0.411008
-0.297718   -0.0280092   -0.442176
0.369404   0.26002   0.140831
-0.221378   -0.469842   0.00886485
0.266609   0.00854358   0.0888553
-0.0891577   -0.261256   0.28829
0.453044   0.375249   -0.1903
-0.140748   -0.0645837   0.192411
-0.319671   -0.292158   -0.00971649
-0.435746   0.314552   0.254861
0.0945636   -0.0169712   0.481535
0.286839   0.429526   -0.396409
-0.494054   0.223581   -0.0340132
-0.0587767   0.354621   0.290662
0.278459   0.249245   0.328159
-0.4388   -0.455569   0.292073
-0.222589   0.134196   -0.0379735
0.299678   0.460381   0.209311
0.470117   -0.353839   -0.0202082
0.19171   0.453461   0.377022
0.188056   -0.108652   0.257707
