1.9071   -1.38636   -0.90238
0.72013   -0.403415   -0.443227
0.418712   0.182286   0.201271
0.287189   0.275389   -0.155209
0.473697   0.154041   0.472294
-0.533893   -0.141735   0.0661479
-1.68677   0.837333   -1.04572
0.222906   -1.97704   0.13796
1.89839   0.800635   0.579391
0.558037   -1.33622   -0.534727
1.04409   0.160731   0.410172
-0.279749   -2.50481   1.8143
1.0654   0.660288   -0.144623
1.52187   0.958472   1.17903
-0.910271   1.61326   0.310813
0.0273424   1.99202   0.492678
-0.899044   0.89253   1.10925
-2.15192   0.135847   -0.830751
-1.47315   -0.356343   0.905605
0.368152   0.543171   -0.133138
-1.63612   -0.152791   -2.0853
0.202638   -2.00336   0.00979666
1.24126   0.911781   0.684154
0.106823   0.810946   0.610908
0.939336   1.4005   -1.71809
-0.324641   -1.20897   0.693514
0.0567932   -1.26792   1.44924
-0.235426   0.519894   -1.53278
-0.308167   -0.63038   -2.29155
-0.814298   0.868084   -0.973619
-0.100849   -1.92139   0.469068
-0.80658   -1.87606   0.320683
-0.322062   0.797563   -0.449701
-0.0725653   1.35932   -1.27813
-1.28315   -0.555941   1.92789
1.73223   -0.748991   -1.9144
0.185916   0.395734   -1.41023
1.06355   0.612329   1.30084
-0.724379   0.520638   1.25205
0.70016   -1.29463   -0.423731
-0.877571   1.07437   -0.584371
-1.30781   1.02099   2.15112
1.0998   -0.779461   0.262358
-2.36036   -0.285662   -0.250454
0.29156   0.0971055   -1.36578
0.478581   -1.42578   -0.497953
-1.69945   0.778972   -0.0152418
0.691163   0.282239   -0.208156
-0.117352   1.59256   0.586861
0.159124   -2.0804   0.0693856
-0.254628   0.233741   -0.25775
0.915121   0.877124   0.0776708
-0.177137   -0.210881   -0.518211
1.05291   1.24603   -1.28107
0.0727662   -1.40914   -0.423867
-2.99432   -0.147273   0.395979
-0.037965   -2.04012   -1.50898
-1.95892   -1.98045   -1.31268
-1.48657   1.29856   0.852629
2.20536   0.379101   -0.0330846
0.902768   -1.3506   2.6693
-0.0990327   -0.832514   -0.600106
0.494191   -0.2553   2.07872
0.0477462   0.221532   0.279041
1.31449   0.61568   -0.167154
-0.00358481   1.38141   -0.492801
-2.33054   0.919028   1.72008
1.51792   -1.97209   -1.34328
-0.863107   -1.28915   1.08018
0.629416   1.57392   0.162369
0.443141   -0.237189   -1.32211
-0.909332   1.63289   -0.769365
0.646176   -2.58174   -2.05119
0.45011   1.68181   -0.42007
-0.417815   -0.767541   0.15328
0.142421   1.84457   -1.24963
0.311055   1.46753   0.184714
-1.808   1.4031   1.2052
0.870005   -0.69478   -2.09497
-0.377927   0.416904   -0.737103
-1.16892   -0.17927   -0.0421697
1.09845   0.998975   1.72863
1.05039   -1.47228   -0.00426533
2.21428   -1.66609   0.407166
-0.850467   1.02986   -0.610752
0.617182   1.21118   -0.77706
-0.952022   1.12345   0.177045
-0.488456   0.350339   -0.750308
0.901317   -0.0339626   4.4183
-0.0175305   0.289637   -0.823273
-0.292099   1.13882   -1.20079
0.622223   1.15352   0.55512
-0.645826   0.306729   -0.437789
0.092657   -1.20722   0.650432
1.30731   -0.113624   0.514839
-0.601654   -0.850131   -0.645979
-1.76692   -0.242041   -0.834957
0.33466   -1.59843   0.674549
-0.195983   0.170944   0.273833
-0.660081   0.0461045   1.52051
0.924344   0.0786389   2.82185
0.699892   -0.788805   0.389616
-0.0311911   0.90636   -0.511777
-0.0595427   -0.273855   -0.787907
1.63355   -0.984371   1.36731
-0.933992   0.732456   0.273287
0.462415   0.386347   -0.625373
-0.127104   0.151219   -0.273367
