0.0761431   0.145655   0.3716
0.220656   0.202227   0.381728
-0.492985   0.217948   0.401714
0.166567   0.386616   0.320531
-0.10817   0.303258   -0.28761
-0.0423095   0.00762224   0.0237192
0.0386859   -0.150453   -0.0187885
-0.0478544   -0.459883   0.0874126
0.34384   -0.238706   0.326994
-0.157287   0.425208   0.246608
0.464864   -0.388968   0.305072
-0.281517   -0.119346   -0.0198393
-0.0363557   -0.0300438   -0.200183
0.258793   0.0894913   -0.0692163
-0.353105   -0.222936   0.370841
-0.351808   0.260295   -0.479753
0.175394   0.387941   -0.440719
-0.130423   0.0890136   0.420833
0.230218   0.423117   0.285242
0.327546   0.0584639   -0.388236
-0.0105862   -0.393461   0.0497477
-0.402896   0.347688   0.372056
-0.424757   -0.364103   -0.304586
0.269202   0.312743   0.310369
0.241171   -0.14569   -0.248351
-0.378376   -0.0450382   -0.122046
0.346964   -0.346988   -0.418358
0.143775   0.449315   0.225143
-0.295497   -0.444292   -0.304323
0.332026   0.243837   -0.0875165
-0.206741   0.0935294   0.445692
0.379948   -0.135216   -0.141336
-0.201597   -0.419061   0.242933
-0.101534   0.212082   0.25211
0.137807   0.351663   0.0474187
0.246006   -0.0834736   0.339924
0.496746   -0.106444   0.199949
-0.266639   0.0196807   0.482741
0.0492232   0.144029   -0.0876563
-0.21276   0.0079145   0.002767
0.334982   -0.229906   0.0705791
0.366225   -0.347116   -0.251287
-0.127421   0.363295   -0.48464
-0.441715   -0.109617   -0.121837
0.0393372   -0.348878   0.0156301
-0.276492   0.188798   0.057966
0.00612254   -0.0699909   0.0204683
-0.0447129   0.439226   0.418537
0.232345   -0.37221   -0.230889
0.113837   -0.296473   0.0104329
0.478368   0.335515   -0.208535
0.484016   -0.219647   0.41223
0.159478   0.0628986   -0.437741
0.434885   0.0622339   -0.337077
0.465854   0.398869   0.0766008
-0.354235   0.429671   -0.277718
0.133129   0.0375842   -0.154267
-0.126023   0.242127   -0.191579
-0.157659   0.216011   -0.26533
-0.344029   0.400915   0.198438
0.487463   -0.0259894   -0.353428
0.17018   -0.31427   0.217893
0.136531   0.083812   -0.012575
0.0672738   -0.0323649   -0.059998
0.13485   -0.25818   0.327182
0.225366   0.247129   0.125059
-0.172275   0.359565   0.310226
-0.324712   -0.177993   -0.0700685
-0.0594309   -0.0420077   -0.0599792
0.198468   -0.0411533   -0.130015
0.387353   -0.430528   0.214224
0.43536   -0.15031   0.348842
-0.274318   -0.228308   0.474175
0.374511   -0.408337   -0.334026
-0.0605433   -0.321215   0.225043
-0.0731281   -0.0199816   -0.373568
-0.351977   0.0945408   -0.293643
0.305608   -0.135346   -0.485506
0.153392   0.417308   -0.252906
-0.0754499   0.356186   0.40759
-0.166327   -0.362559   -0.378812
-0.0671154   -0.218318   -0.0179889
0.164474   0.0439385   0.44792
-0.314406   0.389781   0.302314
0.0561269   0.419225   0.313648
0.3305   -0.133426   -0.234393
0.171589   0.102699   -0.348655
0.121741   -0.179635   0.277217
-0.210225   -0.338726   -0.0537422
-0.201711   0.408056   -0.410563
0.0986756   -0.269028   0.250247
0.288295   0.483861   0.00997073
-0.486463   -0.207089   0.326319
-0.365631   -0.0556569   0.386663
0.221721   -0.120889   0.467827
0.154184   0.149418   -0.124053
0.234833   0.298921   0.212821
-0.0793662   0.326656   -0.0132604
0.479357   -0.207789   0.187722
0.364094   0.454753   0.0598373
-0.28081   -0.0502953   0.0300614
-0.47585   -0.0802126   0.13622
-0.382557   -0.0995721   0.0313839
0.478691   -0.153985   0.119678
0.0792845   -0.32876   -0.108263
-0.488517   -0.395804   -0.444776
-0.489049   0.212785   -0.355809
0.261375   -0.329446   0.491373
