0.440829   1.36973   0.350523
-0.358491   0.392051   -0.106123
0.140728   0.512392   1.82398
-0.723622   -2.28977   0.95825
-1.66368   -0.193276   -1.02999
-1.90509   -0.658794   1.62362
-1.04887   0.465327   0.261154
-0.794701   0.575782   -0.0764642
-0.132414   -0.708442   -0.932052
0.49455   -0.866202   -1.61045
-0.362445   -1.81087   -0.469873
1.27857   -1.12451   -1.48208
-0.18635   -1.56283   1.73151
-0.544531   -1.25514   0.106509
1.72837   -0.2908   -0.104883
-0.78915   -0.40689   1.68825
-1.88139   -0.0602618   -2.21682
0.0514554   -0.718753   0.449533
-0.834303   -0.103145   1.3595
-1.05329   1.18565   -1.91972
0.0405798   -0.19843   -0.298796
-0.0408546   -0.337365   0.872937
0.287374   -0.957671   -1.55192
1.26304   0.936146   -1.79484
0.571305   0.233686   1.78163
0.276612   0.311407   -0.394431
-1.26774   -0.29886   1.22253
0.481399   -0.928814   1.37888
0.591848   -0.917532   -0.754666
1.01329   0.0422853   1.27863
0.483458   0.0346848   -1.32725
-1.77319   -0.0137585   2.60092
0.21938   -0.388394   0.456419
-1.3575   0.200108   -1.7829
-0.497865   0.948647   -0.979506
-0.337736   -1.92408   0.262017
-1.05381   0.205675   3.17876
0.994949   0.0518557   0.398578
-2.34755   0.154569   -0.490442
0.474691   1.0739   -0.208367
1.83368   -0.304786   -0.262322
1.41459   1.86491   -0.18409
1.06358   1.24622   -1.62289
-1.58024   -0.71784   -0.338626
0.184458   0.427475   -0.724678
-0.162377   2.85757   -0.939791
-1.35845   -1.12321   -1.09745
-0.502635   -1.04693   -0.422684
0.788909   1.48032   0.322499
3.36982   -0.227286   -0.512823
-0.448206   3.09088   0.641648
0.178131   0.910139   0.30129
2.04112   1.29403   -1.64276
-0.974073   0.689931   0.652567
-0.513768   0.392735   0.457941
1.85072   -0.89999   -0.0705841
1.2363   -0.419242   -0.334948
-0.37581   -0.130267   1.1794
1.39067   1.4521   -0.043657
-0.167595   -2.61535   1.08338
-0.771544   -0.132843   1.03068
-1.66626   0.0796595   0.683422
-0.815772   1.39183   -1.02946
-0.0916106   0.684864   0.024705
0.947306   -0.151581   0.0792487
2.4508   -0.576473   0.571603
-0.234986   -0.307529   -0.657212
0.628321   0.774525   0.459203
0.261525   -0.0404462   0.0721589
0.0392379   1.1907   0.122273
0.947692   -0.447952   0.179206
-0.284804   0.642182   0.713136
0.725333   -0.653606   -1.16965
-1.63673   0.167673   1.22133
-2.2973   1.54875   2.43774
-0.764837   -0.301092   -0.484585
-0.273449   0.631565   1.00762
1.53429   -1.36622   -1.06145
-1.37633   -0.645161   1.12847
-1.31892   -0.599711   1.08028
0.0711162   -0.766963   2.33112
0.892235   0.946574   0.685376
0.699542   0.869035   -0.573156
1.61795   -1.86387   0.955245
0.304025   -0.58084   0.0126717
-0.150119   -1.36225   -2.26633
-0.507827   0.805911   -1.53467
-0.996407   0.315674   -0.055938
1.26825   0.216136   -2.83132
-3.07815   0.667647   -1.08584
0.866714   0.680063   1.75983
-0.506999   0.966302   -2.41907
-1.73251   0.305233   -1.77355
0.749606   -0.795577   -1.27272
-0.288815   -1.21786   -0.0397353
1.13494   0.248553   -0.0831611
1.25657   -0.933457   0.0839909
0.38115   -0.354275   1.32016
-0.589887   0.908652   0.497012
0.93455   0.217729   0.559509
-0.476606   0.558841   -0.0597343
1.76033   1.06116   1.40217
-2.1225   -0.436818   -0.323373
1.49186   0.634468   -0.598686
0.191221   -1.15466   -1.27282
-0.822961   -0.652181   0.267895
1.79991   -0.107769   -1.05133
0.704209   0.034683   0.263741
