0.460197   -0.263165   0.247659
-0.362655   -0.099414   0.292832
0.475905   -0.108525   0.453469
-0.368495   -0.260724   0.440852
-0.196611   -0.262662   0.247441
-0.0373352   -0.114204   0.264586
-0.201392   -0.119098   0.441441
-0.0296637   -0.277942   0.439936
0.134859   -0.255394   0.279945
0.288449   -0.0720135   0.266005
0.122224   -0.106738   0.43534
0.307722   -0.263875   0.457933
0.447096   0.0716941   0.276477
-0.378377   0.240637   0.282327
0.458602   0.229831   0.438147
-0.38096   0.0682781   0.43643
-0.217554   0.0718302   0.279296
-0.0447641   0.26937   0.264718
-0.192242   0.259813   0.461745
-0.0433051   0.0742801   0.438919
0.101096   0.056923   0.276875
0.290789   0.237636   0.263026
0.129333   0.241359   0.415898
0.309203   0.0789886   0.431607
0.452361   0.391075   0.281843
-0.368568   -0.416251   0.272394
0.467594   -0.426086   0.434203
-0.375481   0.401704   0.443969
-0.227735   0.407403   0.265791
-0.0239781   -0.419271   0.272415
-0.202174   -0.427767   0.421924
-0.0330507   0.414442   0.445099
0.120604   0.41377   0.277303
0.287977   -0.437381   0.279395
0.140685   -0.42852   0.435317
0.310011   0.394802   0.445876
0.459245   -0.2491   -0.37978
-0.338   -0.109478   -0.386693
0.435866   -0.0829043   -0.228762
-0.368533   -0.263812   -0.226368
-0.196684   -0.277953   -0.410318
-0.0483198   -0.0748702   -0.387982
-0.208774   -0.100971   -0.229214
-0.0410821   -0.265461   -0.243702
0.133151   -0.277331   -0.384616
0.290425   -0.0959348   -0.392566
0.119529   -0.0721364   -0.229251
0.291651   -0.256287   -0.226484
0.485441   0.0761044   -0.386218
-0.373991   0.246226   -0.386827
0.462461   0.247847   -0.239457
-0.367532   0.0657125   -0.226384
-0.21449   0.0722409   -0.390202
-0.0529838   0.236763   -0.37874
-0.214078   0.247012   -0.226973
-0.046489   0.0759503   -0.222717
0.112477   0.0819009   -0.401793
0.294266   0.223147   -0.396516
0.125293   0.244529   -0.232748
0.287594   0.0831501   -0.233917
0.456258   0.409263   -0.40091
-0.384127   -0.427562   -0.40132
0.448934   -0.41625   -0.226818
-0.39045   0.423963   -0.228321
-0.209478   0.417291   -0.377019
-0.0378263   -0.431458   -0.3916
-0.207059   -0.423461   -0.239335
-0.0162943   0.425193   -0.227373
0.134687   0.406744   -0.403387
0.296083   -0.424384   -0.391561
0.136389   -0.435923   -0.223963
0.301115   0.417878   -0.229119
0.448552   -0.257683   -0.0798244
-0.389338   -0.0941605   -0.0448558
0.45026   -0.0878151   0.115997
-0.371279   -0.261026   0.107316
-0.205248   -0.266151   -0.0604648
-0.0440476   -0.0940492   -0.0732829
-0.211781   -0.0771099   0.101346
-0.0272729   -0.265586   0.0892684
0.118992   -0.256074   -0.0656249
0.272622   -0.0970288   -0.0753051
0.122761   -0.0927604   0.0860176
0.290856   -0.238463   0.102581
0.47071   0.081262   -0.0634454
-0.397318   0.253972   -0.065028
0.46971   0.224429   0.103946
-0.380883   0.0618197   0.137697
-0.223602   0.0803637   -0.0580586
-0.0351669   0.225632   -0.0642231
-0.223732   0.237532   0.117539
-0.0573219   0.0809142   0.125451
0.136491   0.086707   -0.0643911
0.316587   0.236384   -0.0584698
0.127768   0.22395   0.10659
0.290971   0.0699586   0.0822794
0.4594   0.426192   -0.0676024
-0.357857   -0.43156   -0.0544679
0.444172   -0.430101   0.10624
-0.383175   0.414399   0.0898601
-0.212114   0.397263   -0.0818492
-0.0200426   -0.441217   -0.0545608
-0.174386   -0.432271   0.102855
-0.0398094   0.398608   0.0829607
0.136282   0.394922   -0.069646
0.285059   -0.406979   -0.0530609
0.138294   -0.433382   0.109214
0.306161   0.394562   0.0920949
