0.0310146   0.0794029   -1.16974
0.861766   0.334214   0.0232824
-0.654123   -0.108156   -0.217682
-0.569897   -0.710806   0.971549
1.91594   0.617037   -0.0371753
1.90368   0.166531   0.760293
0.535288   -1.36527   -0.604449
1.80353   -0.948378   0.758259
-0.021691   -0.359244   -0.625009
0.718566   0.466128   0.0738124
-0.546762   0.646085   -1.7508
-0.340093   0.21202   0.105258
0.101134   -0.56429   0.0718916
-1.43015   0.525968   0.314513
1.22096   -0.375521   1.88952
0.0614236   0.510637   0.235443
0.18526   -0.613536   1.84494
0.0758614   -0.309259   -0.0789526
-1.64861   0.876021   -1.15365
-0.475161   -1.05746   1.58437
1.12408   0.60837   0.334819
-0.024846   -0.684569   -0.258444
-0.638641   0.254467   -1.20781
0.893482   -0.824551   -0.174887
0.741505   0.286689   -0.751608
-1.31834   -0.105037   0.0424931
1.00312   0.332846   -0.162511
0.940755   -0.105961   0.407409
0.0404232   0.504524   0.74987
1.63307   0.12721   -1.26181
-2.74414   -1.01577   -1.19841
1.10603   0.222677   -0.727261
-1.3292   1.78223   0.292338
0.507493   0.377161   1.43063
0.850432   -1.00091   0.952722
1.97285   0.954393   0.216154
-0.895021   0.0342449   0.581227
0.100929   -0.744657   1.18309
1.50303   0.731676   -0.424497
-3.01302   1.20632   0.445876
0.251122   -1.08114   -1.09562
0.0610693   0.407059   0.184277
-2.58963   0.421993   -0.900034
0.00883724   -0.979876   -0.676913
-1.0484   -1.02101   -1.72924
-0.965999   -1.66376   -0.601023
-1.80383   0.878613   -0.138098
-0.798334   0.195054   0.356029
-0.786223   0.865376   -0.27554
0.976955   -0.0932913   -1.03379
1.50348   -0.716994   1.32062
0.150085   0.825442   -0.79839
1.98899   1.06152   0.36428
0.429819   -0.425484   -0.696556
0.400159   0.956787   -1.34566
-1.2968   -0.128959   -2.03699
-0.440934   -0.282791   -0.936896
0.120473   0.928741   0.734194
-0.139526   1.5682   1.26171
-0.760725   -0.480509   -0.500753
-0.725765   -0.888262   1.24167
-0.817478   -1.64881   0.486223
0.589927   0.530109   -0.136571
1.09817   -1.3632   0.542648
-0.311638   -0.431452   0.63429
0.0912168   -0.549391   0.400834
-0.0045055   -0.701225   -0.601276
0.114483   -0.273446   -0.136147
0.0844586   -1.23291   0.0650534
0.281254   -0.822034   -0.624405
-0.0546928   0.247961   1.17319
0.316838   -0.109238   -0.615774
-0.997066   1.62019   0.5471
1.11121   -1.13573   -0.483062
0.0368953   0.635817   0.384061
-1.06434   0.620661   0.280215
-0.673131   0.297602   0.491557
-0.343757   0.384945   -0.149491
1.87143   0.943186   -0.649092
1.21644   1.58016   1.08199
0.864424   -0.608442   -0.170281
1.61953   -0.791677   0.445304
-1.30112   0.409904   0.242375
-1.22403   0.30301   -0.4937
0.22953   0.270778   -0.00294039
0.204161   0.0334247   -0.834596
-0.436102   0.692793   -0.386418
1.01716   -0.161014   0.64358
-1.10918   -0.167225   1.2305
1.07156   -1.64897   1.54048
-0.223565   0.51462   0.994164
-0.118965   0.709457   0.613879
-0.0396057   0.437832   0.115709
1.12104   0.110131   0.160189
0.620947   -0.157508   0.692928
-0.00901994   -0.930722   -0.748933
1.38107   -1.50102   -0.696019
-1.11259   -0.536701   -0.415975
-2.01567   -0.102339   0.141914
0.444481   0.0304106   0.417127
-1.35207   0.550568   0.419556
-0.877035   2.1971   -1.07749
-0.13682   -0.688684   -0.224733
1.13401   1.0838   0.619305
-1.18173   -0.134884   -0.400793
-1.44983   0.0412122   0.441307
0.865013   0.249901   -0.527307
-1.24808   -0.109152   -1.59282
