-0.237818   -0.218033   0.453657
0.343443   0.356851   0.166736
0.347636   0.238087   -0.13098
0.389398   0.166468   -0.420621
0.48139   -0.499431   -0.295549
-0.483637   0.127735   -0.466626
0.163487   -0.401234   -0.485231
-0.33618   0.154643   -0.363683
-0.320659   -0.360673   0.211951
0.471094   -0.241452   0.11549
-0.203029   -0.049646   -0.425368
0.35023   0.0420781   0.356524
0.302985   0.0477603   -0.0434043
0.316706   -0.232066   -0.1283
-0.100574   0.13431   0.425244
-0.455542   0.35272   -0.133553
-0.169522   0.322025   -0.00677554
-0.117776   0.335572   -0.0659188
-0.171259   0.40242   0.0387248
-0.37072   0.0501117   -0.48159
-0.36873   0.10497   0.397205
0.319813   -0.190789   -0.25002
-0.363373   -0.477399   -0.264333
-0.148503   0.48555   -0.485072
-0.435941   -0.454794   0.181741
0.114268   0.476816   -0.223193
-0.161837   -0.382995   -0.280098
0.314189   -0.0109396   -0.108783
0.34817   0.292841   0.0921698
-0.251811   -0.378434   0.429613
-0.492118   0.498594   0.227858
0.185686   0.161072   0.299455
-0.233947   0.418781   0.128397
-0.36386   -0.201295   0.0941708
0.258672   -0.00703618   -0.378789
0.194916   -0.12572   0.0335193
-0.353456   0.166459   0.462076
-0.446724   0.288043   -0.339621
0.154962   0.0438603   -0.323086
0.258682   0.322169   -0.484018
-0.0948684   -0.086648   -0.243552
-0.131919   0.28086   0.330163
-0.465311   -0.295236   0.439374
-0.371402   0.151019   -0.11737
0.278516   0.0420768   -0.264877
-0.171723   0.0259549   0.319237
-0.2959   -0.490866   -0.0385488
0.0436069   -0.369308   -0.475507
-0.455313   0.15387   0.4148
0.300687   0.34184   -0.115841
0.137635   0.11659   -0.274009
-0.353513   -0.0666633   -0.213269
-0.0104711   0.36494   -0.129652
-0.434009   0.126195   -0.324371
0.226785   -0.445768   0.0607069
-0.148459   -0.0775357   0.237518
-0.431401   -0.171194   0.0407229
0.255757   0.126686   -0.408182
0.402027   -0.143761   -0.0612261
-0.440076   -0.389869   -0.172219
0.479559   -0.3578   -0.0968493
-0.368602   -0.392586   -0.306726
-0.20325   -0.222764   0.0631121
0.225768   0.186614   -0.378083
-0.43641   -0.159044   0.219144
0.319852   0.117513   0.116015
0.14141   0.186915   -0.387855
-0.0342814   -0.00421735   -0.393346
-0.324357   -0.0636724   0.0870554
0.28256   -0.298298   -0.325626
-0.366433   -0.0687515   0.487907
-0.311935   0.00948776   -0.392502
-0.204002   0.430292   -0.232943
-0.435094   -0.43884   -0.294164
0.0513893   0.0184768   0.212339
-0.249558   -0.152769   -0.31911
0.125145   0.1797   -0.214757
0.365749   -0.179901   0.123361
-0.325716   -0.326538   -0.286914
-0.176469   -0.215068   -0.367399
0.180036   -0.291613   0.392201
0.0168311   -0.13419   -0.381217
-0.0285329   0.245942   -0.017932
0.488042   -0.210421   0.207967
0.112125   0.167606   -0.467025
0.392987   -0.396944   -0.355785
-0.294641   -0.194624   -0.26868
0.0173493   -0.476628   0.246826
-0.150774   -0.318645   -0.227328
-0.0367175   0.0128637   -0.019703
-0.181244   -0.222015   0.232878
-0.289811   -0.268091   0.221233
0.377354   0.238931   -0.277439
0.15984   0.14435   -0.0336265
0.145907   -0.0393245   -0.382698
-0.493905   -0.0856874   0.428947
0.2424   0.229411   -0.109714
0.0232597   -0.338856   -0.037526
-0.0956717   -0.475285   0.417925
-0.389123   -0.171557   -0.18653
0.300857   0.200226   0.496853
-0.394098   0.135751   -0.44957
-0.178532   -0.0836117   -0.115318
-0.248118   -0.087766   0.425006
0.306606   -0.360395   -0.269036
0.299229   0.477296   -0.45469
-0.305443   -0.3912   0.289614
-0.200849   -0.283001   -0.453531
