0.037985   0.0972483   -1.43263
1.05544   0.409327   0.028515
-0.801134   -0.132464   -0.266605
-0.697978   -0.870556   1.1899
2.34654   0.755713   -0.0455302
2.33152   0.203958   0.931165
0.655591   -1.6721   -0.740296
2.20886   -1.16152   0.928674
-0.0265659   -0.439983   -0.765476
0.88006   0.570887   0.0904013
-0.669644   0.791289   -2.14428
-0.416528   0.25967   0.128914
0.123863   -0.691111   0.0880489
-1.75156   0.644177   0.385198
1.49537   -0.459918   2.31418
0.0752282   0.6254   0.288358
0.226897   -0.751425   2.25958
0.0929108   -0.378764   -0.0966968
-2.01913   1.0729   -1.41293
-0.581951   -1.29512   1.94045
1.37671   0.745098   0.410068
-0.03043   -0.838423   -0.316528
-0.782172   0.311657   -1.47926
1.09429   -1.00986   -0.214192
0.908155   0.35112   -0.920528
-1.61463   -0.128644   0.0520433
1.22857   0.407651   -0.199034
1.15218   -0.129775   0.498972
0.0495081   0.617913   0.9184
2.0001   0.155799   -1.5454
-3.36087   -1.24405   -1.46775
1.35461   0.272723   -0.890709
-1.62793   2.18278   0.358039
0.62155   0.461926   1.75215
1.04156   -1.22586   1.16684
2.41624   1.16889   0.264733
-1.09617   0.0419413   0.711855
0.123612   -0.912014   1.44899
1.84083   0.896117   -0.519901
-3.69018   1.47744   0.546084
0.307561   -1.32413   -1.34185
0.0747943   0.498543   0.225692
-3.17164   0.516833   -1.10231
0.0108234   -1.2001   -0.829045
-1.28402   -1.25048   -2.11787
-1.1831   -2.03768   -0.7361
-2.20923   1.07608   -0.169135
-0.977755   0.238892   0.436044
-0.962923   1.05987   -0.337466
1.19652   -0.114258   -1.26613
1.84138   -0.878135   1.61742
0.183816   1.01096   -0.977824
2.436   1.30009   0.44615
0.526418   -0.521109   -0.853103
0.490092   1.17182   -1.64809
-1.58826   -0.157942   -2.4948
-0.540031   -0.346347   -1.14746
0.147548   1.13747   0.899201
-0.170884   1.92064   1.54527
-0.931694   -0.5885   -0.613295
-0.888877   -1.08789   1.52073
-1.0012   -2.01937   0.595499
0.72251   0.649249   -0.167264
1.34498   -1.66957   0.664605
-0.381677   -0.528419   0.776843
0.111717   -0.672863   0.49092
-0.00551809   -0.858822   -0.73641
0.140212   -0.334901   -0.166745
0.10344   -1.51   0.0796738
0.344464   -1.00678   -0.764737
-0.0669847   0.303689   1.43686
0.388046   -0.133789   -0.754166
-1.22115   1.98432   0.670058
1.36095   -1.39098   -0.591628
0.0451873   0.778713   0.470377
-1.30354   0.760152   0.343192
-0.824414   0.364487   0.602031
-0.421014   0.47146   -0.183089
2.29202   1.15516   -0.794972
1.48983   1.93529   1.32516
1.0587   -0.745186   -0.20855
1.98352   -0.969602   0.545384
-1.59354   0.502028   0.296847
-1.49912   0.37111   -0.604657
0.281115   0.331634   -0.00360122
0.250045   0.0409367   -1.02217
-0.534114   0.848494   -0.473263
1.24576   -0.197201   0.788221
-1.35846   -0.204808   1.50705
1.31239   -2.01957   1.8867
-0.273811   0.630278   1.2176
-0.145702   0.868904   0.751845
-0.0485068   0.536232   0.141714
1.37299   0.134883   0.196191
0.760502   -0.192907   0.84866
-0.0110471   -1.1399   -0.917252
1.69145   -1.83837   -0.852445
-1.36264   -0.657322   -0.509463
-2.46869   -0.125339   0.173809
0.544376   0.0372453   0.510875
-1.65594   0.674305   0.513849
-1.07414   2.69089   -1.31965
-0.16757   -0.843462   -0.275241
1.38887   1.32738   0.75849
-1.44732   -0.165198   -0.49087
-1.77567   0.0504745   0.540488
1.05942   0.306065   -0.645816
-1.52858   -0.133684   -1.9508
