-0.484005   0.492808   -0.497397
-0.335268   -0.333066   0.49512
0.475111   -0.337616   -0.343296
-0.32712   0.490239   -0.326734
-0.165547   -0.482409   -0.49767
0.00212017   -0.303166   -0.482945
-0.178182   -0.317239   -0.328087
-0.0198673   0.491622   -0.342916
0.146864   0.496251   0.492094
0.336093   -0.344149   0.481009
0.160103   -0.328547   -0.338027
0.314679   -0.498296   -0.363088
0.487735   -0.172532   -0.489698
-0.311172   -0.00021874   0.492832
-0.497037   -0.00648092   -0.34791
-0.328255   -0.170316   -0.351631
-0.146887   -0.15974   0.49577
-0.0106359   0.00778413   0.485982
-0.148679   -0.0258678   -0.318881
0.0172   -0.157136   -0.312026
0.16636   -0.15037   -0.498772
0.338269   0.00867146   0.486743
0.18151   0.0187237   -0.333311
0.334122   -0.167894   -0.336747
-0.493468   0.169524   -0.498402
-0.32907   0.330129   -0.473578
-0.498886   0.337635   -0.329895
-0.340694   0.154546   -0.332765
-0.17775   0.169932   0.488165
-0.000317463   0.332498   -0.49411
-0.158766   0.315812   -0.318409
-0.000296092   0.149195   -0.322743
0.15503   0.165855   0.497844
0.344176   0.314244   0.491192
0.137534   0.357665   -0.323588
0.337688   0.182847   -0.316906
-0.492344   -0.491818   -0.168452
-0.33527   -0.311059   -0.179814
-0.495771   -0.322504   -0.0232024
-0.330643   0.494344   -0.0155423
-0.15722   -0.483326   -0.174801
-0.000626426   -0.327728   -0.167196
-0.157013   -0.336032   0.00154345
-0.016488   0.49102   -0.00448333
0.144543   -0.491629   -0.145999
0.325498   -0.344896   -0.168753
0.155361   -0.340476   0.0105809
0.330603   0.499797   -0.00260692
0.469258   -0.150359   -0.174329
-0.366653   0.000717304   -0.158601
0.490065   0.00864964   0.0219624
-0.323086   -0.179281   0.000172853
-0.166741   -0.172486   -0.165802
0.00747754   0.00460177   -0.15592
-0.166478   -0.0206502   -0.00592656
0.0136797   -0.167533   -0.00837294
0.185968   -0.159236   -0.161419
0.331626   0.0264112   -0.185911
0.167882   -0.00245951   0.0214252
0.341959   -0.174249   0.0343182
-0.496149   0.165484   -0.167744
-0.313121   0.316726   -0.178953
0.487297   0.340116   -0.0036925
-0.337692   0.157977   -0.00663056
-0.177996   0.144435   -0.155566
-0.0185923   0.326486   -0.160585
-0.171648   0.323537   -0.00735187
-0.0102337   0.149326   -0.00217691
0.179679   0.184884   -0.164383
0.329591   0.360294   -0.163044
0.17304   0.33807   0.00320668
0.330698   0.150732   -0.00756
-0.479613   0.49606   0.170586
-0.327286   -0.326213   0.177572
0.499888   -0.341045   0.341586
-0.313424   -0.497007   0.343874
-0.172987   0.497814   0.161839
-0.01668   -0.335068   0.165933
-0.169258   -0.320301   0.342554
-0.0145471   -0.488494   0.333658
0.176161   0.497232   0.184682
0.358034   -0.35201   0.177534
0.160513   -0.329488   0.338824
0.357131   0.481033   0.347243
0.491804   -0.173833   0.190907
-0.318026   -0.011815   0.164092
-0.491659   -0.00368385   0.321987
-0.314735   -0.157139   0.333962
-0.147444   -0.170677   0.150658
-0.0149235   0.017931   0.167078
-0.151987   -0.00667456   0.329534
0.00590098   -0.164642   0.329453
0.178419   -0.178985   0.156177
0.330913   -0.015539   0.18804
0.154661   0.00937851   0.320533
0.328732   -0.1733   0.35464
0.496074   0.166675   0.15642
-0.344233   0.322917   0.141545
-0.488892   0.31919   0.324237
-0.335042   0.158133   0.325338
-0.161438   0.176604   0.16891
0.00400355   0.330939   0.157808
-0.181054   0.344819   0.322118
-0.0161971   0.198068   0.335401
0.159946   0.167637   0.163694
0.344251   0.324701   0.159435
0.166774   0.325156   0.328444
0.333153   0.172772   0.328067
