-1.31763   -0.827854   2.00261
0.833023   -0.203611   -0.24486
-0.324157   0.972869   -0.22759
0.576079   1.19218   0.292821
-0.933896   -1.4388   -1.1164
1.02153   -0.178357   -1.37126
-0.150766   -0.148025   0.589449
-0.717677   -0.463297   -0.737402
0.766781   -0.3159   0.95684
-0.67572   -0.578154   0.0890665
0.0466756   -0.352975   -0.383366
0.298888   0.76626   1.52848
-0.262684   1.14597   0.837408
-0.640667   -0.0388626   0.0696521
0.357251   -0.22214   -0.787703
0.370874   0.140451   -1.017
-0.181206   0.267419   -0.242275
0.484204   -0.878687   1.12673
0.859369   -0.640717   -0.00539595
0.760114   -1.11514   -0.992085
-0.216234   -0.831113   1.17387
0.0962331   0.0375704   0.104166
-0.46388   -0.649562   -1.01477
-1.05061   -0.538747   0.777204
-0.630385   -0.635566   -0.577972
0.39377   -0.694321   0.617475
0.735609   -0.560821   1.5038
0.857798   0.79304   -0.683781
0.325138   0.311282   -0.641717
1.49915   -0.546383   0.580925
-0.399422   1.67187   0.242865
0.735002   1.09294   0.159485
0.0689055   0.363596   -0.266989
1.85152   -0.294014   0.95628
0.217928   -0.689031   -0.131447
-0.158673   0.907406   -1.01793
0.382774   -2.47686   1.0598
-1.895   -1.32324   0.99319
1.62541   -0.34527   -1.11974
-0.240195   -0.836494   -1.85788
0.305664   0.16631   0.398007
-0.75197   0.419358   -0.505568
-0.181207   0.499398   0.108636
-0.0192606   0.613575   -0.0152413
-1.70482   1.12314   0.633627
-0.814698   -0.172702   -0.877269
-1.81759   -0.452329   0.593917
1.99835   1.14827   0.615871
1.76737   -0.620222   -1.17417
0.69664   0.459733   -0.382692
-0.622376   0.424208   -0.200792
0.584738   -0.380555   0.804819
-0.551065   1.96782   0.322068
1.33596   -0.736782   0.143158
0.597777   -0.352988   -0.491756
-0.113047   -0.539947   -1.96738
1.52232   -0.0660718   0.20932
-1.33682   0.552115   -0.635648
0.988298   -0.669659   1.56365
-0.995976   -1.36973   -0.930127
-0.586662   -0.0763592   -1.13345
-0.502534   -0.244533   -1.31444
-0.356986   1.26161   1.03955
1.8506   -0.794286   1.08327
0.974185   -0.475688   -0.549091
-0.603259   -0.461511   1.12074
-0.356596   -0.890184   -1.03642
-0.421395   1.26847   0.0564991
2.74297   -0.334728   -1.25888
-1.42293   -0.264818   -0.256511
-1.59287   2.07881   0.709258
-0.146503   0.104432   -0.276594
-0.404784   0.656727   0.393326
0.493257   0.301136   -1.47015
-0.0730037   1.27751   1.40372
0.49193   -0.226553   0.885245
-0.314012   0.363435   -0.180559
-1.0071   0.0583216   -0.20771
-0.0423874   1.22716   -0.108265
-0.188981   -0.400275   -0.639058
-1.04358   -0.344509   -1.32712
1.18445   -1.23681   -0.910753
-1.12364   0.97882   0.31263
-0.118764   -0.0178038   -0.788679
-0.606364   1.65071   0.999047
0.118079   -0.865763   -0.437664
-0.301626   0.898303   0.234188
0.531716   0.563684   -0.324811
-0.104047   0.919246   -1.9525
0.27636   1.06779   0.842251
1.08798   0.69056   -0.444994
-1.70362   0.784042   1.03114
-0.972163   -0.165311   -0.112822
0.732013   -2.08499   0.348602
-1.7846   -1.25766   0.289551
-0.543281   0.936101   0.175524
2.04877   0.739722   0.0121989
-0.8873   0.148628   1.40208
1.09678   -1.54903   0.575221
-0.23977   -1.1243   -1.13263
1.36694   -0.999774   -0.881814
-0.350629   0.404491   0.719412
-0.197925   -0.570469   0.381059
-2.04111   1.83433   -0.333805
0.385047   -0.98963   1.04198
-0.496083   0.577405   1.34797
-0.0600007   0.376385   2.06709
-0.580056   0.355313   -0.829828
