0.0310838   0.415964   0.16288
0.386607   0.198757   0.192581
0.396788   0.198697   -0.194721
0.0956726   0.238849   -0.373537
0.254706   -0.267247   0.185313
-0.0863092   -0.471646   0.341123
-0.321796   -0.203778   -0.149085
-0.34035   -0.389732   -0.12306
0.22084   -0.397592   0.408458
0.0647453   -0.318919   0.172928
-0.18455   -0.00109577   0.414233
-0.194681   0.177596   0.328653
0.0587502   -0.384637   0.0660135
0.181137   0.313534   0.168159
0.136975   0.367355   -0.345806
0.106056   -0.109628   0.253149
-0.249755   0.3502   -0.140124
0.29377   -0.238213   -0.0910737
0.415382   -0.13147   -0.179272
0.354404   -0.0658855   -0.182792
-0.47727   0.0309236   0.284185
0.029996   0.307008   -0.0274712
0.274207   -0.308295   0.103886
0.0997706   0.0682209   0.358447
-0.484598   -0.0623744   0.399853
0.268416   -0.353563   -0.131091
0.204472   0.0502994   0.219942
0.409058   -0.303844   0.0554673
0.489974   0.372386   0.221049
-0.186587   0.156388   0.236317
-0.267595   0.47525   0.229871
0.160407   -0.447741   0.0625126
-0.33593   -0.295021   -0.261351
0.145618   -0.356026   0.475935
-0.242247   -0.427713   0.284117
0.294647   -0.485099   0.429376
-0.0616069   0.162059   0.375084
-0.33918   0.499315   -0.294589
-0.436712   -0.345198   0.295917
-0.154663   0.108544   -0.361881
0.169064   -0.0555021   0.272232
0.462516   0.00331166   -0.308249
0.15756   0.128986   -0.229342
0.122739   0.28081   -0.320097
0.242061   -0.0765607   0.0873536
-0.0941292   -0.479182   0.43063
0.274652   0.307314   0.356394
0.016384   -0.00817824   0.410223
0.0111485   0.139952   -0.162429
0.407397   -0.373238   0.265451
-0.259909   0.221143   -0.26675
0.204846   0.132334   -0.433743
0.349698   -0.431434   -0.230107
-0.302041   0.352209   0.203612
0.418898   -0.189033   0.0129967
-0.198393   -0.431291   -0.328601
-0.403785   -0.338768   -0.191835
0.162982   -0.205844   0.477776
-0.48459   0.334001   -0.402354
0.118116   0.167932   -0.301857
0.279696   0.415475   -0.15506
-0.0321094   0.0243992   0.302653
0.362196   0.165159   0.0391352
0.437086   -0.454638   0.330587
0.0257748   0.425372   0.077169
-0.212358   -0.499785   -0.286073
0.203562   0.234863   -0.108816
0.342763   0.184667   0.118603
-0.242088   0.193035   -0.467559
0.323776   0.0825514   -0.410882
-0.34739   -0.147391   0.477778
0.0842239   -0.0248113   -0.0111581
0.371326   -0.427405   -0.32733
0.100163   0.383644   0.274967
0.252892   0.439616   0.213214
0.261273   0.0974084   0.00779734
0.0457772   0.434557   0.246282
-0.226954   -0.246709   -0.187237
0.156731   -0.0493443   -0.0489518
-0.451885   0.258722   0.441628
-0.253097   -0.0848205   -0.162381
-0.224792   0.0120774   -0.155624
-0.00724999   0.213344   -0.430814
0.130309   -0.230855   0.0613965
0.107913   0.349269   -0.449792
0.00161331   -0.338286   0.0295329
0.0386893   -0.181514   0.231469
-0.451012   -0.0488458   -0.342883
-0.23055   0.170885   -0.395139
0.0316118   -0.0535868   -0.443761
0.360359   0.349563   -0.135533
0.427511   0.4177   0.467465
0.243906   -0.448483   -0.356176
-0.169257   -0.390111   0.123824
0.401116   0.270056   0.0747872
-0.187606   0.198863   -0.327934
0.0752551   0.0463939   -0.310243
-0.273755   0.223287   -0.343921
0.37736   -0.0918409   0.372875
0.474484   -0.333752   0.00609916
0.175931   0.24473   0.00340633
0.333398   0.440733   -0.343606
-0.134052   0.0937739   -0.123967
-0.261259   -0.077397   0.0668774
0.462913   0.43847   0.271109
-0.409775   0.421802   0.393128
0.321003   -0.0554134   0.0195779
-0.480303   0.348993   0.462608
