-1.26766   0.654263   -0.523029
-0.992118   -0.667247   -0.502236
2.43562   0.925817   0.464149
-0.668368   -0.429677   -2.93685
-0.238052   -1.1547   1.01195
0.872505   0.151594   -0.87435
-0.333611   0.0505742   1.22316
0.0178985   -1.34447   -0.393653
-1.16692   0.132236   -1.07159
-0.0242053   -0.159994   -1.08858
1.06701   0.214843   0.297811
-0.247727   1.09151   -1.54065
-0.46356   -0.155339   -1.03916
-0.463268   1.24045   0.89245
0.438449   2.06756   -0.272181
-0.585001   -0.772156   1.25292
-0.345649   -1.39636   1.09153
-0.470375   -1.16393   -0.0707732
-0.18244   -1.24241   -1.76836
-0.117199   -1.14239   -0.541713
1.01343   -1.71659   -0.252222
-1.79005   -0.0914595   0.0642523
-1.45715   -0.0744302   -0.673306
0.757076   -1.74766   -0.703548
-0.266921   -0.241104   -0.564625
-1.26264   -0.892265   -0.196463
0.766784   -0.584597   1.41896
0.271444   1.84087   0.190034
-0.0295069   -0.993229   -0.0704558
0.742531   1.20927   1.74845
2.13382   -0.527242   0.350595
1.15174   1.13731   0.418504
0.972542   -0.240482   0.311541
-1.30298   -3.10874   -1.26949
0.0206684   -0.00184313   -2.57129
0.186407   -0.419424   0.312271
-0.0317482   -1.14358   -2.89656
-1.14076   0.0727766   -1.26402
-0.0227985   -0.0466156   -0.00752332
1.38409   -0.251207   1.14346
-2.0834   -0.74562   0.726921
1.25879   0.986908   -1.63119
-0.401647   0.20642   -0.208899
-0.91633   2.55087   -0.622868
-0.556816   0.479796   1.04075
0.52787   0.403428   -1.45863
0.683978   0.207204   -1.85266
0.739389   1.43802   -0.0513789
-0.546254   1.57491   0.821016
-1.34668   0.190357   0.705186
0.733335   0.463635   -0.0256352
-0.114715   -1.7688   -1.14819
-0.34185   2.2564   -0.190747
-1.53384   0.241855   -1.35859
0.918858   -0.493652   1.30094
-0.0239275   -2.02689   1.26127
-1.35005   0.898893   1.0076
-0.404801   0.89447   -0.28713
0.902142   0.210978   1.76998
-0.96882   0.385128   1.52191
1.24663   -1.43432   -0.43436
-0.561498   -1.39916   -0.496517
0.54979   0.246586   -0.345246
2.49592   -0.220023   1.11594
0.507043   0.364877   1.05629
0.767597   0.437926   0.871547
-0.58181   0.099298   1.76002
-0.60561   -0.188354   0.751188
1.48305   -0.726941   1.99926
0.212973   0.267004   0.819759
0.290711   -1.23714   0.88635
-0.478659   0.658959   1.68954
0.702086   -0.225801   0.991362
-1.25225   0.050643   1.75943
0.972521   0.308174   1.55332
-1.84125   2.33586   -0.579248
1.13536   0.0746175   -0.709344
-0.00265089   -1.03383   0.779431
0.635217   0.213775   1.45148
0.983023   -0.0500744   -0.371268
1.10363   0.581455   -0.00779298
-1.06579   0.605473   -0.611741
-0.304732   0.727495   -0.836553
1.11585   2.04206   -1.34094
0.453128   0.293341   0.297405
-0.871997   -0.142976   1.54075
-0.841322   -0.483774   0.527193
0.0760266   -2.11457   -0.329463
-3.41703   1.58421   0.13245
-0.65456   0.759861   2.63803
0.141018   -0.203471   -0.982039
-0.0633103   1.32948   0.373801
1.3496   0.659541   -0.20324
0.0997506   -0.785556   -0.667561
0.473778   -1.37103   1.50295
-1.31949   0.0546398   -0.59938
-0.0544457   2.03919   0.00815739
-0.501131   -0.660703   -0.486358
0.135259   -1.02658   -1.42491
0.263576   -1.18945   0.833989
0.493288   -1.36503   -1.94935
0.345432   -3.01351   -0.520934
0.863794   2.8939   0.570393
2.1031   -1.66329   -0.573759
1.29402   0.283824   -0.0524506
-0.986113   2.8693   -0.623901
-1.36871   0.6948   -1.30519
-0.0573705   0.625029   -0.877541
