-1.1382   0.807211   -0.791007
-0.89982   -0.44261   -1.59224
-0.00422336   -0.607432   -0.593687
0.721021   0.62265   -0.832441
2.07111   0.357767   -0.870325
-0.58799   -0.990683   -1.90195
-0.675163   0.0509418   0.430497
0.455061   -1.25319   -0.323772
1.23502   -1.86443   -0.30962
-1.13179   0.572122   0.296036
-0.732527   -0.945375   1.51537
-0.127099   1.16051   0.483034
-0.051451   0.503769   2.1563
1.84897   1.17671   0.219455
-0.504306   -0.024829   0.739098
-0.686736   -0.781085   -0.277617
0.7536   1.07647   2.08203
-1.11096   0.27907   -0.0359488
-1.27287   -0.976389   -1.20708
1.08094   1.07062   0.21634
-0.330294   -0.332512   0.461324
-0.4265   -0.791855   -0.560696
-0.406205   0.136409   -0.176536
1.4989   -0.60089   0.141603
-1.45177   -0.464491   0.283986
-1.40989   -2.01564   0.260293
-0.481816   0.668631   -0.256456
-0.330049   1.29412   -0.419304
0.0574649   0.639116   -1.20867
0.712148   0.680669   -1.21899
-0.114457   -0.789965   -0.883334
1.24063   -0.864729   -0.79826
-1.77208   -1.34248   0.210972
0.0639588   0.127868   1.10872
0.0144858   0.518608   0.340056
0.567648   0.252284   -0.316478
0.837417   -0.0489837   0.621777
0.690162   1.26356   -0.799759
-1.23176   -1.1201   0.078099
-0.261814   0.3838   -0.11952
-0.145295   -1.97948   1.58941
-1.47871   0.459576   0.874834
-1.28837   0.527488   1.08542
0.136668   0.00279682   1.22903
0.204434   -1.85119   0.2425
-1.07315   0.943965   1.38506
-0.698174   0.416409   0.755997
0.638675   1.03843   0.311019
0.0224387   1.46498   -0.475618
-1.94741   -0.551743   -0.134552
0.842832   -0.779886   0.189967
0.684425   1.40823   -0.269374
0.176336   0.42242   -0.421619
-0.536139   -0.909267   -1.03567
-0.645611   0.659039   0.216569
1.62627   0.157615   -0.663684
0.454472   -0.211632   1.83296
0.97119   -0.0605991   -1.39023
-0.680212   -0.492421   -0.789127
0.0345385   -0.195671   0.131407
0.232537   -1.79212   0.0823681
-0.611524   0.130111   1.83574
-0.654278   -0.357232   -0.23644
0.218248   -2.12325   -0.231366
-2.03683   1.02684   -0.844622
-0.969611   0.413974   -1.38712
0.210326   1.21709   0.474781
1.26392   -1.07468   -0.294955
0.768303   1.09233   -0.904243
-0.749765   0.33969   0.359531
-0.0943185   1.09683   0.919066
0.0535808   0.0237429   -0.991794
0.124769   -0.617133   1.53191
1.5061   -1.18773   0.537276
-0.418106   -0.350262   0.177308
0.0588073   -0.898116   -0.0999856
1.65858   0.437816   -0.340932
0.0415357   -0.69195   -0.0557392
0.29066   0.161265   -0.601133
0.20483   -1.18188   0.113919
1.2209   0.670675   0.285958
0.341414   0.195693   -1.33896
-0.945139   0.520058   0.456849
-0.126405   0.414836   0.958151
-1.59193   1.02868   0.291216
-0.0763142   0.397366   -0.024443
-0.0184426   -1.39865   0.823564
0.940769   0.987801   -0.891499
-0.60856   1.72496   -1.543
1.52169   0.552843   -0.378566
-0.713897   0.156646   -0.459687
0.0862121   -0.67892   -0.147958
-0.866356   0.815839   -1.18137
0.415851   0.579377   2.07837
0.601984   0.872002   -0.325564
1.05539   0.499966   0.603157
0.2183   0.571164   0.493815
0.578379   0.463198   -1.03322
-0.0861192   0.56033   0.141257
-0.0407459   -0.791923   -0.666617
0.17661   -0.395462   2.00258
1.32161   -0.749338   0.400951
1.79433   1.08917   -1.04075
1.76146   0.5251   0.888918
-0.330834   -0.186562   -0.980445
-1.72943   -1.1645   -1.18827
1.19043   -0.0397997   -0.290737
-1.19688   -0.740183   1.20713
