-0.45492   0.0975113   0.327641
-0.103425   -0.325337   0.385303
-0.463597   0.2148   0.129167
-0.37927   -0.134261   -0.0999373
-0.203446   -0.116149   -0.413606
0.116778   -0.277884   0.390838
-0.359668   0.247954   -0.172893
0.0522415   -0.439038   0.494095
0.382362   -0.477311   -0.344138
-0.179767   -0.0356575   0.104879
-0.313792   -0.188399   0.0855528
-0.320246   0.238744   -0.380037
0.450151   -0.0862703   0.228781
0.326652   0.0448758   0.322958
0.162226   -0.0646697   -0.308539
-0.446878   -0.325025   -0.456904
0.0406809   -0.22444   -0.407691
-0.238395   -0.38345   0.159321
0.433889   0.32793   -0.252512
-0.0965866   0.312559   -0.0626119
-0.0955002   0.0772884   0.252509
0.185052   0.335647   -0.264756
0.22205   0.125471   0.0573847
-0.18124   0.372909   -0.458196
0.0764012   0.109279   -0.25101
0.46569   -0.381837   0.101574
0.0940879   -0.0484024   -0.0921145
0.283942   0.416526   0.460416
-0.452036   -0.118452   0.457135
0.478629   0.305309   0.300912
0.284672   -0.323216   0.0299349
0.268165   -0.285498   0.226572
0.150182   -0.499278   0.130034
0.0148689   -0.107982   0.104734
-0.399436   0.00204945   0.116612
-0.114442   -0.234163   0.0116707
0.158198   -0.240556   -0.20644
0.273865   0.323398   0.119337
-0.416612   -0.334512   -0.0612574
-0.312039   0.364507   0.391401
0.495378   0.389684   0.0874665
-0.11547   -0.188504   0.23407
-0.272881   0.207391   0.221923
0.303515   0.225066   0.394273
-0.0181122   0.483854   0.0244235
-0.269102   0.0491796   -0.280484
-0.332707   -0.427012   0.397677
-0.0811627   0.255781   -0.263143
-0.45909   -0.275541   0.228384
0.264466   0.0545566   -0.433376
-0.110092   0.313642   0.23954
0.456179   -0.17817   0.0506653
0.395639   -0.340169   0.377285
0.38678   -0.174266   -0.368923
-0.145493   0.130835   -0.4014
-0.0973503   -0.208208   -0.186483
-0.292866   -0.22039   0.401001
0.297269   0.244718   -0.405293
-0.403534   0.0686499   -0.114151
-0.152686   -0.0230112   -0.106476
-0.421391   0.437018   -0.160492
-0.381712   0.482252   -0.402044
0.181141   -0.481881   -0.335209
-0.0204414   0.0822494   0.03656
0.297585   0.335143   -0.0741314
-0.220112   0.404807   -0.239962
0.130663   -0.0938927   0.287699
-0.0234494   0.477693   -0.176008
0.464903   0.484884   0.446825
0.492844   0.0695859   -0.47933
-0.064807   -0.490467   0.223894
0.235096   -0.297277   -0.396758
0.337547   0.477449   0.258173
0.375546   -0.498242   -0.0185937
0.187082   -0.478029   -0.127832
-0.422342   -0.0721558   -0.302634
0.482498   0.129564   -0.292295
-0.0399995   -0.0365666   -0.292168
0.468133   0.225882   -0.0856593
0.0190261   -0.330675   -0.081281
0.0377766   0.296797   -0.448907
-0.0360013   -0.373184   -0.320137
-0.46613   -0.370786   -0.263752
-0.451667   0.496008   0.249399
0.131941   0.482985   0.313068
-0.0246554   -0.108147   0.421919
0.0454141   0.308828   0.111268
0.261641   0.110744   -0.153013
-0.29999   -0.227345   -0.253079
0.160982   -0.100089   0.489155
0.266827   -0.124476   -0.00880324
-0.288171   0.410901   0.185228
0.090493   0.292086   0.341277
-0.222545   -0.355687   -0.13776
0.117629   0.233385   -0.0839163
0.478903   0.29599   -0.455485
0.313928   -0.162867   0.404654
0.0544295   -0.306708   0.121865
-0.267371   0.42532   -0.0240054
-0.0944898   0.224662   0.3994
-0.202694   -0.390217   -0.428859
-0.292449   0.000594142   0.312166
0.408753   -0.252909   -0.180355
0.422652   0.0213906   0.0166344
-0.236708   0.15424   0.00639281
0.0330548   0.0630773   0.498641
0.15835   0.126469   0.25468
0.388366   -0.0349747   -0.194863
