0.0363678   0.0931081   -1.37164
1.01051   0.391901   0.027301
-0.767027   -0.126824   -0.255255
-0.668263   -0.833494   1.13924
2.24664   0.72354   -0.0435919
2.23226   0.195275   0.891523
0.627681   -1.60092   -0.70878
2.11482   -1.11207   0.889137
-0.025435   -0.421251   -0.732887
0.842594   0.546583   0.0865527
-0.641135   0.757602   -2.05299
-0.398795   0.248615   0.123426
0.11859   -0.661689   0.0843004
-1.67699   0.616752   0.368799
1.43171   -0.440338   2.21566
0.0720255   0.598775   0.276081
0.217237   -0.719434   2.16339
0.0889553   -0.362639   -0.0925801
-1.93317   1.02723   -1.35278
-0.557176   -1.23998   1.85784
1.3181   0.713377   0.392611
-0.0291345   -0.802729   -0.303052
-0.748872   0.298389   -1.41629
1.0477   -0.966872   -0.205073
0.869492   0.336172   -0.881339
-1.54589   -0.123167   0.0498276
1.17627   0.390296   -0.190561
1.10313   -0.12425   0.477729
0.0474004   0.591607   0.879301
1.91495   0.149167   -1.4796
-3.21779   -1.19109   -1.40526
1.29694   0.261112   -0.852789
-1.55862   2.08985   0.342797
0.595088   0.442261   1.67756
0.99722   -1.17368   1.11717
2.31338   1.11912   0.253463
-1.0495   0.0401557   0.68155
0.11835   -0.873187   1.3873
1.76246   0.857967   -0.497767
-3.53308   1.41454   0.522836
0.294467   -1.26775   -1.28473
0.0716101   0.477319   0.216084
-3.03661   0.49483   -1.05538
0.0103626   -1.14901   -0.79375
-1.22936   -1.19724   -2.02771
-1.13273   -1.95093   -0.704762
-2.11517   1.03026   -0.161935
-0.936129   0.228721   0.41748
-0.921929   1.01474   -0.323099
1.14558   -0.109394   -1.21223
1.76299   -0.84075   1.54857
0.17599   0.967917   -0.936195
2.3323   1.24474   0.427156
0.504007   -0.498924   -0.816784
0.469228   1.12193   -1.57792
-1.52064   -0.151218   -2.38859
-0.51704   -0.331602   -1.09861
0.141267   1.08905   0.860919
-0.163609   1.83888   1.47949
-0.892029   -0.563446   -0.587185
-0.851035   -1.04158   1.45599
-0.958578   -1.9334   0.570147
0.69175   0.621608   -0.160143
1.28772   -1.59849   0.636311
-0.365428   -0.505923   0.743771
0.106961   -0.644218   0.47002
-0.00528317   -0.822259   -0.705058
0.134243   -0.320644   -0.159646
0.0990365   -1.44571   0.0762818
0.329799   -0.96392   -0.73218
-0.0641329   0.29076   1.37569
0.371526   -0.128093   -0.722059
-1.16916   1.89984   0.641532
1.30301   -1.33176   -0.566441
0.0432635   0.745561   0.450352
-1.24805   0.72779   0.328581
-0.789316   0.34897   0.576401
-0.40309   0.451388   -0.175294
2.19444   1.10598   -0.761128
1.42641   1.8529   1.26874
1.01363   -0.713461   -0.199672
1.89907   -0.928323   0.522166
-1.52569   0.480655   0.28421
-1.4353   0.355311   -0.578915
0.269147   0.317516   -0.00344791
0.2394   0.0391939   -0.978651
-0.511375   0.812371   -0.453115
1.19272   -0.188805   0.754664
-1.30062   -0.196088   1.44289
1.25652   -1.93359   1.80638
-0.262154   0.603445   1.16576
-0.139499   0.831912   0.719837
-0.0464417   0.513403   0.135681
1.31454   0.129141   0.187839
0.728125   -0.184695   0.81253
-0.0105768   -1.09137   -0.878202
1.61944   -1.7601   -0.816154
-1.30463   -0.629338   -0.487774
-2.36359   -0.120003   0.166409
0.521201   0.0356596   0.489125
-1.58544   0.645598   0.491973
-1.02841   2.57633   -1.26347
-0.160436   -0.807553   -0.263523
1.32974   1.27087   0.726199
-1.3857   -0.158165   -0.469972
-1.70007   0.0483256   0.517478
1.01432   0.293035   -0.618322
-1.4635   -0.127993   -1.86775
